#-----------------------------------------------------------
# Vivado v2019.1 (64-bit)
# SW Build 2552052 on Fri May 24 14:49:42 MDT 2019
# IP Build 2548770 on Fri May 24 18:01:18 MDT 2019
# Start of session at: Tue Jan 28 20:18:34 2020
# Process ID: 8980
# Current directory: C:/Users/anjaz/Documents/cora/blinker
# Command line: vivado.exe -gui_launcher_event rodinguilauncherevent12300 C:\Users\anjaz\Documents\cora\blinker\blinker.xpr
# Log file: C:/Users/anjaz/Documents/cora/blinker/vivado.log
# Journal file: C:/Users/anjaz/Documents/cora/blinker\vivado.jou
#-----------------------------------------------------------
start_gui
open_project C:/Users/anjaz/Documents/cora/blinker/blinker.xpr
INFO: [Project 1-313] Project file moved from '/home/anja/Documents/git_repo/cora/blinker' since last save.
Scanning sources...
Finished scanning sources
WARNING: [filemgmt 56-2] Board Part Repository Path: Could not find the directory 'C:/Users/.Xilinx/Vivado/2019.1/xhub/board_store', nor could it be found using path 'C:/home/anja/.Xilinx/Vivado/2019.1/xhub/board_store'.
WARNING: [filemgmt 56-2] IPUserFilesDir: Could not find the directory 'C:/Users/anjaz/Documents/cora/blinker/blinker.ip_user_files', nor could it be found using path 'C:/home/anja/Documents/git_repo/cora/blinker/blinker.ip_user_files'.
CRITICAL WARNING: [Board 49-67] The board_part definition was not found for digilentinc.com:cora-z7-10:part0:1.0. This can happen sometimes when you use custom board part. You can resolve this issue by setting 'board.repoPaths' parameter, pointing to the location of custom board files. Valid board_part values can be retrieved with the 'get_board_parts' Tcl command.
INFO: [IP_Flow 19-234] Refreshing IP repositories
INFO: [IP_Flow 19-1704] No user IP repositories specified
INFO: [IP_Flow 19-2313] Loaded Vivado IP repository 'C:/Xilinx/Vivado/2019.1/data/ip'.
open_project: Time (s): cpu = 00:00:16 ; elapsed = 00:00:05 . Memory (MB): peak = 666.605 ; gain = 32.961
get_board_parts
em.avnet.com:zed:part0:0.9 em.avnet.com:zed:part0:1.0 em.avnet.com:zed:part0:1.1 em.avnet.com:zed:part0:1.2 em.avnet.com:zed:part0:1.3 em.avnet.com:zed:part0:1.4 xilinx.com:zc702:part0:1.0 xilinx.com:zc702:part0:1.1 xilinx.com:zc702:part0:1.2 xilinx.com:zc702:part0:1.3 xilinx.com:zc702:part0:1.4
exit
INFO: [Common 17-206] Exiting Vivado at Tue Jan 28 20:19:55 2020...
